####### 2018-08-26 19:53:24 #######
$ cd /data/www/html/i18n-file-manager && git pull

$ cd /data/www/html/i18n-file-manager && git status

$ cd /data/www/html/i18n-file-manager && git submodule sync

$ cd /data/www/html/i18n-file-manager && git submodule update

$ cd /data/www/html/i18n-file-manager && git submodule status


####### 2018-08-26 19:53:44 #######
$ cd /data/www/html/i18n-file-manager && git pull

$ cd /data/www/html/i18n-file-manager && git status

$ cd /data/www/html/i18n-file-manager && git submodule sync

$ cd /data/www/html/i18n-file-manager && git submodule update

$ cd /data/www/html/i18n-file-manager && git submodule status


####### 2018-08-26 19:54:02 #######
$ cd /data/www/html/i18n-file-manager && git pull

$ cd /data/www/html/i18n-file-manager && git status

$ cd /data/www/html/i18n-file-manager && git submodule sync

$ cd /data/www/html/i18n-file-manager && git submodule update

$ cd /data/www/html/i18n-file-manager && git submodule status


####### 2018-08-26 19:54:15 #######
$ cd /data/www/html/i18n-file-manager && git pull

$ cd /data/www/html/i18n-file-manager && git status

$ cd /data/www/html/i18n-file-manager < && git submodule sync

$ cd /data/www/html/i18n-file-manager && git submodule update

$ cd /data/www/html/i18n-file-manager && git submodule status


####### 2018-08-26 19:54:43 #######
$ cd /data/www/html/i18n-file-manager && git pull

$ cd /data/www/html/i18n-file-manager && git status

$ cd /data/www/html/i18n-file-manager && git submodule sync

$ cd /data/www/html/i18n-file-manager && git submodule update

$ cd /data/www/html/i18n-file-manager && git submodule status


####### 2018-08-26 19:54:54 #######
$ cd /data/www/html/i18n-file-manager && git pull

$ cd /data/www/html/i18n-file-manager && git status

$ cd /data/www/html/i18n-file-manager && git submodule sync

$ cd /data/www/html/i18n-file-manager && git submodule update

$ cd /data/www/html/i18n-file-manager && git submodule status


####### 2018-08-26 19:55:15 #######
$ cd /data/www/html/i18n-file-manager && git pull

$ cd /data/www/html/i18n-file-manager && git status

$ cd /data/www/html/i18n-file-manager && git submodule sync

$ cd /data/www/html/i18n-file-manager && git submodule update

$ cd /data/www/html/i18n-file-manager && git submodule status


####### 2018-08-26 19:55:34 #######
$ cd /data/www/html/i18n-file-manager && git pull

$ cd /data/www/html/i18n-file-manager && git status

$ cd /data/www/html/i18n-file-manager && git submodule sync

$ cd /data/www/html/i18n-file-manager && git submodule update

$ cd /data/www/html/i18n-file-manager && git submodule status


####### 2018-08-26 19:56:46 #######
$ cd /data/www/html/i18n-file-manager && git pull

$ cd /data/www/html/i18n-file-manager && git status

$ cd /data/www/html/i18n-file-manager && git submodule sync

$ cd /data/www/html/i18n-file-manager && git submodule update

$ cd /data/www/html/i18n-file-manager && git submodule status


